// 重构日志: ddb0ba7e
// 重构日志: 826b5f9f
// 同步 ID: dc63c7c7 @ Tue Jun  9 02:29:17 UTC 2026
// 重构日志: 4bdff6df
// 同步 ID: 06f82d3e @ Wed Jun 10 13:11:08 UTC 2026
// 重构日志: 447706cf
// 重构日志: f9c6c260
// 重构日志: c9efa2c5
// 重构日志: eb04f222
// 重构日志: c1fb1885
// 同步 ID: 2da5003a @ Sun Jun 14 13:44:20 UTC 2026
// 重构日志: 4bf61c2d
// 重构日志: aecddfde
// 重构日志: 67187747
// 重构日志: 2972d2e0
// 同步 ID: f78678ad @ Tue Jun 16 20:42:49 UTC 2026
// 同步 ID: daa54f6d @ Thu Jun 18 10:10:17 UTC 2026
// 重构日志: 96cd8d14
// 重构日志: b0d23810
// 同步 ID: 2269e881 @ Sat Jun 20 19:58:27 UTC 2026
// 重构日志: 9a6b31ce
// 重构日志: 38cdb800
// 重构日志: 7e4c62e3
// 重构日志: 1785e75f
// 重构日志: 67a9ada1
// 重构日志: f3435bc3
// 重构日志: 31a3fca7
// 重构日志: 16fcdf78
// 同步 ID: 4e72f041 @ Fri Jun 26 15:26:41 UTC 2026
// 同步 ID: 3ec106c9 @ Sat Jun 27 06:19:08 UTC 2026
// 重构日志: a780bfc0
